2022-08-09T19:59:45+00:00 CRITICAL Uncaught Error: Call to a member function is_on_sale() on null in C:\xampp\htdocs\urbak\wp-content\plugins\woocommerce\templates\single-product\sale-flash.php:25
Stack trace:
#0 C:\xampp\htdocs\urbak\wp-content\plugins\woocommerce\includes\wc-core-functions.php(345): include()
#1 C:\xampp\htdocs\urbak\wp-content\plugins\woocommerce\includes\wc-template-functions.php(1664): wc_get_template('single-product/...')
#2 C:\xampp\htdocs\urbak\wp-includes\class-wp-hook.php(307): woocommerce_show_product_sale_flash('')
#3 C:\xampp\htdocs\urbak\wp-includes\class-wp-hook.php(331): WP_Hook->apply_filters('', Array)
#4 C:\xampp\htdocs\urbak\wp-includes\plugin.php(476): WP_Hook->do_action(Array)
#5 C:\xampp\htdocs\urbak\wp-content\themes\urbak\woocommerce\content-single-product.php(43): do_action('woocommerce_bef...')
#6 C:\xampp\htdocs\urbak\wp-includes\template.php(772): require('C:\\xampp\\htdocs...')
#7 C:\xampp\htdocs\urbak\wp-content\plugins\woocommerce\includes\wc-core-functions.php(284): load_template('C:\\xampp\\ht in C:\xampp\htdocs\urbak\wp-content\plugins\woocommerce\templates\single-product\sale-flash.php on line 25

2022-08-09T19:59:57+00:00 CRITICAL Uncaught Error: Call to a member function is_on_sale() on null in C:\xampp\htdocs\urbak\wp-content\plugins\woocommerce\templates\single-product\sale-flash.php:25
Stack trace:
#0 C:\xampp\htdocs\urbak\wp-content\plugins\woocommerce\includes\wc-core-functions.php(345): include()
#1 C:\xampp\htdocs\urbak\wp-content\plugins\woocommerce\includes\wc-template-functions.php(1664): wc_get_template('single-product/...')
#2 C:\xampp\htdocs\urbak\wp-includes\class-wp-hook.php(307): woocommerce_show_product_sale_flash('')
#3 C:\xampp\htdocs\urbak\wp-includes\class-wp-hook.php(331): WP_Hook->apply_filters('', Array)
#4 C:\xampp\htdocs\urbak\wp-includes\plugin.php(476): WP_Hook->do_action(Array)
#5 C:\xampp\htdocs\urbak\wp-content\themes\urbak\woocommerce\content-single-product.php(43): do_action('woocommerce_bef...')
#6 C:\xampp\htdocs\urbak\wp-includes\template.php(772): require('C:\\xampp\\htdocs...')
#7 C:\xampp\htdocs\urbak\wp-content\plugins\woocommerce\includes\wc-core-functions.php(284): load_template('C:\\xampp\\ht in C:\xampp\htdocs\urbak\wp-content\plugins\woocommerce\templates\single-product\sale-flash.php on line 25

